<?xml version="1.0" encoding="UTF-8"?>
<robot generator="Robot 7.3 (Python 3.13.4 on win32)" generated="2025-06-12T11:24:11.756957" rpa="false" schemaversion="5">
<suite id="s1" name="PUT" source="C:\Users\srujx\PycharmProjects\PythonProject\API\PUT.robot">
<test id="s1-t1" name="Verify Put request" line="11">
<kw name="Create Session" owner="RequestsLibrary">
<msg time="2025-06-12T11:24:12.084291" level="INFO">Creating Session using : alias=baseURI, url=https://reqres.in/, headers={},                     cookies={}, auth=None, timeout=None, proxies=None, verify=True,                     debug=0 </msg>
<arg>baseURI</arg>
<arg>${BASE_URL}</arg>
<arg>verify=True</arg>
<doc>Create Session: create a HTTP session to a server</doc>
<status status="PASS" start="2025-06-12T11:24:12.084036" elapsed="0.000449"/>
</kw>
<kw name="Create Dictionary" owner="BuiltIn">
<msg time="2025-06-12T11:24:12.085469" level="INFO">&amp;{body} = { name=srujan | job=developer }</msg>
<var>&amp;{body}</var>
<arg>name=srujan</arg>
<arg>job=developer</arg>
<doc>Creates and returns a dictionary based on the given ``items``.</doc>
<status status="PASS" start="2025-06-12T11:24:12.084822" elapsed="0.000686"/>
</kw>
<kw name="Create Dictionary" owner="BuiltIn">
<msg time="2025-06-12T11:24:12.085915" level="INFO">&amp;{headers} = { content-type=application/json | x-api-key=reqres-free-v1 }</msg>
<var>&amp;{headers}</var>
<arg>content-type=application/json</arg>
<arg>x-api-key=reqres-free-v1</arg>
<doc>Creates and returns a dictionary based on the given ``items``.</doc>
<status status="PASS" start="2025-06-12T11:24:12.085755" elapsed="0.000182"/>
</kw>
<kw name="PUT On Session" owner="RequestsLibrary">
<msg time="2025-06-12T11:24:12.966321" level="INFO">PUT Request : url=https://reqres.in/api/users/2 
 path_url=/api/users/2 
 headers={'User-Agent': 'python-requests/2.32.4', 'Accept-Encoding': 'gzip, deflate', 'Accept': '*/*', 'Connection': 'keep-alive', 'content-type': 'application/json', 'x-api-key': 'reqres-free-v1', 'Content-Length': '38'} 
 body=b'{"name": "srujan", "job": "developer"}' 
 </msg>
<msg time="2025-06-12T11:24:12.966571" level="INFO">PUT Response : url=https://reqres.in/api/users/2 
 status=200, reason=OK 
 headers={'Date': 'Thu, 12 Jun 2025 05:54:13 GMT', 'Content-Type': 'application/json; charset=utf-8', 'Transfer-Encoding': 'chunked', 'Connection': 'keep-alive', 'Content-Encoding': 'gzip', 'Report-To': '{"group":"heroku-nel","max_age":3600,"endpoints":[{"url":"https://nel.heroku.com/reports?ts=1749707653&amp;sid=c4c9725f-1ab0-44d8-820f-430df2718e11&amp;s=1%2B%2FO%2FXsWTU1Lmhl7%2BUBeFLcA4JOl3E9zEtXsnBdRcSQ%3D"}]}', 'Reporting-Endpoints': 'heroku-nel=https://nel.heroku.com/reports?ts=1749707653&amp;sid=c4c9725f-1ab0-44d8-820f-430df2718e11&amp;s=1%2B%2FO%2FXsWTU1Lmhl7%2BUBeFLcA4JOl3E9zEtXsnBdRcSQ%3D', 'Nel': '{"report_to":"heroku-nel","max_age":3600,"success_fraction":0.005,"failure_fraction":0.05,"response_headers":["Via"]}', 'X-Powered-By': 'Express', 'Access-Control-Allow-Origin': '*', 'Ratelimit-Policy': '100;w=60', 'Ratelimit-Limit': '100', 'Ratelimit-Remaining': '98', 'Ratelimit-Reset': '60', 'Etag': 'W/"4a-QuYQ9LGQPPRVsbWNlrSCP1GwOVM"', 'Via': '1.1 vegur', 'Cf-Cache-Status': 'DYNAMIC', 'Vary': 'Accept-Encoding', 'Server': 'cloudflare', 'Cf-Ray': '94e717a0fe05c197-BLR', 'server-timing': 'cfL4;desc="?proto=TCP&amp;rtt=35726&amp;min_rtt=35709&amp;rtt_var=10056&amp;sent=4&amp;recv=7&amp;lost=0&amp;retrans=0&amp;sent_bytes=2832&amp;recv_bytes=909&amp;delivery_rate=81025&amp;cwnd=251&amp;unsent_bytes=0&amp;cid=bf6b3911100e5c02&amp;ts=484&amp;x=0"'} 
 body={"name":"srujan","job":"developer","updatedAt":"2025-06-12T05:54:13.617Z"} 
 </msg>
<msg time="2025-06-12T11:24:12.966810" level="INFO">${response} = &lt;Response [200]&gt;</msg>
<var>${response}</var>
<arg>baseURI</arg>
<arg>${Servicename}</arg>
<arg>json=${body}</arg>
<arg>headers=${headers}</arg>
<doc>Sends a PUT request on a previously created HTTP Session.</doc>
<status status="PASS" start="2025-06-12T11:24:12.086080" elapsed="0.880765"/>
</kw>
<kw name="Log" owner="BuiltIn">
<msg time="2025-06-12T11:24:12.968272" level="INFO">{"name":"srujan","job":"developer","updatedAt":"2025-06-12T05:54:13.617Z"}</msg>
<arg>${response.text}</arg>
<doc>Logs the given message with the given level.</doc>
<status status="PASS" start="2025-06-12T11:24:12.967391" elapsed="0.000956"/>
</kw>
<kw name="Log" owner="BuiltIn">
<msg time="2025-06-12T11:24:12.969241" level="INFO">200</msg>
<arg>${response.status_code}</arg>
<doc>Logs the given message with the given level.</doc>
<status status="PASS" start="2025-06-12T11:24:12.968676" elapsed="0.000629"/>
</kw>
<status status="PASS" start="2025-06-12T11:24:12.083318" elapsed="0.886279"/>
</test>
<status status="PASS" start="2025-06-12T11:24:11.760836" elapsed="1.209918"/>
</suite>
<statistics>
<total>
<stat pass="1" fail="0" skip="0">All Tests</stat>
</total>
<tag>
</tag>
<suite>
<stat name="PUT" id="s1" pass="1" fail="0" skip="0">PUT</stat>
</suite>
</statistics>
<errors>
</errors>
</robot>
